<?xml version="1.0" encoding="UTF-8"?>
<testsuite time="11.164" failures="1" tests="2" name="tests" >
  <testcase time="6.709" classname="tests" name="1-Create_project.ta" />
  <testcase time="4.449" classname="tests" name="2-cdt_pdt.ta" >
    <failure message="SoapUI test failed. Following are the test cases that failed:
Test case &apos;Ajouter un pas de test&apos; from test suite &apos;Suite_de_tests-CdT_et_PdT&apos; has status : FAILED
" type="org.squashtest.ta.framework.exception.AssertionFailedException" >
Summary
TEST :
[SUCCESS] # EXECUTE_SOAPUI salut.xml WITH TEST_SUITE Suite_de_tests-CdT_et_PdT AND TEST_CASE Afficher tous les cas de test
	[SUCCESS] 	LOAD salut.xml AS __soapui_script9.file
	[SUCCESS] 	CONVERT __soapui_script9.file TO script.soapui(structured) AS __soapui_scripta.soapui
	[SUCCESS] 	EXECUTE execute WITH __soapui_scripta.soapui USING $(soapui.test.suites:Suite_de_tests-CdT_et_PdT;soapui.test.cases:Afficher tous les cas de test) AS __execb.result
		[SUCCESS] 		$(soapui.test.suites:Suite_de_tests-CdT_et_PdT;soapui.test.cases:Afficher tous les cas de test) --> {{__tempI3}}
		[SUCCESS] 		EXECUTE execute WITH __soapui_scripta.soapui USING {{__tempI3}} AS __execb.result
	[SUCCESS] 	ASSERT __execb.result IS success
[FAIL] # EXECUTE_SOAPUI salut.xml WITH TEST_SUITE Suite_de_tests-CdT_et_PdT AND TEST_CASE Ajouter un pas de test
	[SUCCESS] 	LOAD salut.xml AS __soapui_scriptc.file
	[SUCCESS] 	CONVERT __soapui_scriptc.file TO script.soapui(structured) AS __soapui_scriptd.soapui
	[SUCCESS] 	EXECUTE execute WITH __soapui_scriptd.soapui USING $(soapui.test.suites:Suite_de_tests-CdT_et_PdT;soapui.test.cases:Ajouter un pas de test) AS __exece.result
		[SUCCESS] 		$(soapui.test.suites:Suite_de_tests-CdT_et_PdT;soapui.test.cases:Ajouter un pas de test) --> {{__tempI4}}
		[SUCCESS] 		EXECUTE execute WITH __soapui_scriptd.soapui USING {{__tempI4}} AS __exece.result
	[FAIL] 	ASSERT __exece.result IS success
org.squashtest.ta.framework.exception.AssertionFailedException: SoapUI test failed. Following are the test cases that failed:
Test case &apos;Ajouter un pas de test&apos; from test suite &apos;Suite_de_tests-CdT_et_PdT&apos; has status : FAILED

	at org.squashtest.ta.plugin.soapui.assertions.SoapUIIsSuccess.test(SoapUIIsSuccess.java:84)
	at org.squashtest.ta.backbone.engine.wrapper.UnaryAssertionHandler.test(UnaryAssertionHandler.java:94)
	at org.squashtest.ta.backbone.engine.instructionrunner.DefaultUnaryAssertionRunner.doRun(DefaultUnaryAssertionRunner.java:86)
	at org.squashtest.ta.backbone.engine.instructionrunner.AbstractDefaultInstructionRunner.run(AbstractDefaultInstructionRunner.java:70)
	at org.squashtest.ta.backbone.engine.impl.TestRunnerImpl.runInstruction(TestRunnerImpl.java:215)
	at org.squashtest.ta.backbone.engine.impl.TestRunnerImpl.runInstructionList(TestRunnerImpl.java:160)
	at org.squashtest.ta.backbone.engine.impl.TestRunnerImpl.runMetaInstruction(TestRunnerImpl.java:184)
	at org.squashtest.ta.backbone.engine.impl.TestRunnerImpl.runInstructionList(TestRunnerImpl.java:158)
	at org.squashtest.ta.backbone.engine.impl.TestRunnerImpl.runPhase(TestRunnerImpl.java:148)
	at org.squashtest.ta.backbone.engine.impl.TestRunnerImpl.runTest(TestRunnerImpl.java:119)
	at org.squashtest.ta.backbone.engine.impl.EcosystemRunnerImpl.runAllTests(EcosystemRunnerImpl.java:203)
	at org.squashtest.ta.backbone.engine.impl.EcosystemRunnerImpl.run(EcosystemRunnerImpl.java:105)
	at org.squashtest.ta.backbone.engine.impl.SuiteRunnerImpl.execute(SuiteRunnerImpl.java:68)
	at org.squashtest.ta.backbone.engine.impl.EngineImpl.execute(EngineImpl.java:69)
	at org.squashtest.ta.maven.SquashTAMojo.executeImpl(SquashTAMojo.java:335)
	at org.squashtest.ta.maven.AbstractSquashTaMojo.execution(AbstractSquashTaMojo.java:100)
	at org.squashtest.ta.maven.AbstractBaseSquashTaMojo.execute(AbstractBaseSquashTaMojo.java:85)
	at org.apache.maven.plugin.DefaultBuildPluginManager.executeMojo(DefaultBuildPluginManager.java:134)
	at org.apache.maven.lifecycle.internal.MojoExecutor.execute(MojoExecutor.java:208)
	at org.apache.maven.lifecycle.internal.MojoExecutor.execute(MojoExecutor.java:154)
	at org.apache.maven.lifecycle.internal.MojoExecutor.execute(MojoExecutor.java:146)
	at org.apache.maven.lifecycle.internal.LifecycleModuleBuilder.buildProject(LifecycleModuleBuilder.java:117)
	at org.apache.maven.lifecycle.internal.LifecycleModuleBuilder.buildProject(LifecycleModuleBuilder.java:81)
	at org.apache.maven.lifecycle.internal.builder.singlethreaded.SingleThreadedBuilder.build(SingleThreadedBuilder.java:51)
	at org.apache.maven.lifecycle.internal.LifecycleStarter.execute(LifecycleStarter.java:128)
	at org.apache.maven.DefaultMaven.doExecute(DefaultMaven.java:309)
	at org.apache.maven.DefaultMaven.doExecute(DefaultMaven.java:194)
	at org.apache.maven.DefaultMaven.execute(DefaultMaven.java:107)
	at org.apache.maven.cli.MavenCli.execute(MavenCli.java:993)
	at org.apache.maven.cli.MavenCli.doMain(MavenCli.java:345)
	at org.apache.maven.cli.MavenCli.main(MavenCli.java:191)
	at sun.reflect.NativeMethodAccessorImpl.invoke0(Native Method)
	at sun.reflect.NativeMethodAccessorImpl.invoke(NativeMethodAccessorImpl.java:62)
	at sun.reflect.DelegatingMethodAccessorImpl.invoke(DelegatingMethodAccessorImpl.java:43)
	at java.lang.reflect.Method.invoke(Method.java:498)
	at org.codehaus.plexus.classworlds.launcher.Launcher.launchEnhanced(Launcher.java:289)
	at org.codehaus.plexus.classworlds.launcher.Launcher.launch(Launcher.java:229)
	at org.codehaus.plexus.classworlds.launcher.Launcher.mainWithExitCode(Launcher.java:415)
	at org.codehaus.plexus.classworlds.launcher.Launcher.main(Launcher.java:356)

[NOT_RUN] # EXECUTE_SOAPUI salut.xml WITH TEST_SUITE Suite_de_tests-CdT_et_PdT AND TEST_CASE Modifier un pas de test
	[NOT_RUN] 	LOAD salut.xml AS __soapui_scriptf.file
	[NOT_RUN] 	CONVERT __soapui_scriptf.file TO script.soapui(structured) AS __soapui_script10.soapui
	[NOT_RUN] 	EXECUTE execute WITH __soapui_script10.soapui USING $(soapui.test.suites:Suite_de_tests-CdT_et_PdT;soapui.test.cases:Modifier un pas de test) AS __exec11.result
		[NOT_RUN] 		$(soapui.test.suites:Suite_de_tests-CdT_et_PdT;soapui.test.cases:Modifier un pas de test) --> {{__tempI5}}
		[NOT_RUN] 		EXECUTE execute WITH __soapui_script10.soapui USING {{__tempI5}} AS __exec11.result
	[NOT_RUN] 	ASSERT __exec11.result IS success
[NOT_RUN] # EXECUTE_SOAPUI salut.xml WITH TEST_SUITE Suite_de_tests-CdT_et_PdT AND TEST_CASE Afficher les pas-de-tests d'un cas-de-test
	[NOT_RUN] 	LOAD salut.xml AS __soapui_script12.file
	[NOT_RUN] 	CONVERT __soapui_script12.file TO script.soapui(structured) AS __soapui_script13.soapui
	[NOT_RUN] 	EXECUTE execute WITH __soapui_script13.soapui USING $(soapui.test.suites:Suite_de_tests-CdT_et_PdT;soapui.test.cases:Afficher les pas-de-tests d'un cas-de-test) AS __exec14.result
		[NOT_RUN] 		$(soapui.test.suites:Suite_de_tests-CdT_et_PdT;soapui.test.cases:Afficher les pas-de-tests d'un cas-de-test) --> {{__tempI6}}
		[NOT_RUN] 		EXECUTE execute WITH __soapui_script13.soapui USING {{__tempI6}} AS __exec14.result
	[NOT_RUN] 	ASSERT __exec14.result IS success
[NOT_RUN] # EXECUTE_SOAPUI salut.xml WITH TEST_SUITE Suite_de_tests-CdT_et_PdT AND TEST_CASE Supprimer un pas de test
	[NOT_RUN] 	LOAD salut.xml AS __soapui_script15.file
	[NOT_RUN] 	CONVERT __soapui_script15.file TO script.soapui(structured) AS __soapui_script16.soapui
	[NOT_RUN] 	EXECUTE execute WITH __soapui_script16.soapui USING $(soapui.test.suites:Suite_de_tests-CdT_et_PdT;soapui.test.cases:Supprimer un pas de test) AS __exec17.result
		[NOT_RUN] 		$(soapui.test.suites:Suite_de_tests-CdT_et_PdT;soapui.test.cases:Supprimer un pas de test) --> {{__tempI7}}
		[NOT_RUN] 		EXECUTE execute WITH __soapui_script16.soapui USING {{__tempI7}} AS __exec17.result
	[NOT_RUN] 	ASSERT __exec17.result IS success
    </failure>
  </testcase>
</testsuite>